<?xml version="1.0" encoding="UTF-8"?>
<!-- Generated by org.testng.reporters.JUnitReportReporter -->
<testsuite hostname="LP-116" name="BugRegressionSuite.ForgotPasswordScreen_SNo_26" tests="1" failures="0" timestamp="8 Jan 2016 08:42:51 GMT" time="67.428" errors="0">
  <testcase name="executeTestCase" time="67.428" classname="BugRegressionSuite.ForgotPasswordScreen_SNo_26"/>
</testsuite> <!-- BugRegressionSuite.ForgotPasswordScreen_SNo_26 -->
