<?xml version="1.0" encoding="UTF-8"?>
<!-- Generated by org.testng.reporters.JUnitReportReporter -->
<testsuite hostname="LP-116" name="Functional_Scenarios.OverflowMenuScenarios" tests="1" failures="0" timestamp="12 Jan 2016 06:36:50 GMT" time="215.880" errors="0">
  <testcase name="verifyShareAppFunctionality" time="215.880" classname="Functional_Scenarios.OverflowMenuScenarios"/>
</testsuite> <!-- Functional_Scenarios.OverflowMenuScenarios -->
