<?xml version="1.0" encoding="UTF-8"?>
<!-- Generated by org.testng.reporters.JUnitReportReporter -->
<testsuite hostname="LP-116" name="Functional_Scenarios.WarrantyScanerios" tests="7" failures="0" timestamp="12 Jan 2016 05:19:11 GMT" time="464.831" errors="0">
  <testcase name="claimAfterWarrantyValidForIsDisplayed" time="44.158" classname="Functional_Scenarios.WarrantyScanerios"/>
  <testcase name="claimWarranty" time="87.573" classname="Functional_Scenarios.WarrantyScanerios"/>
  <testcase name="addWarrantyFromHomePage" time="75.729" classname="Functional_Scenarios.WarrantyScanerios"/>
  <testcase name="warrantyRemainingDay" time="42.478" classname="Functional_Scenarios.WarrantyScanerios"/>
  <testcase name="shareWarrantyInvoice" time="79.237" classname="Functional_Scenarios.WarrantyScanerios"/>
  <testcase name="warrantyAddFromDrawerMenu" time="45.546" classname="Functional_Scenarios.WarrantyScanerios"/>
  <testcase name="addWarrantyProduct" time="90.110" classname="Functional_Scenarios.WarrantyScanerios"/>
</testsuite> <!-- Functional_Scenarios.WarrantyScanerios -->
