<?xml version="1.0" encoding="UTF-8"?>
<!-- Generated by org.testng.reporters.JUnitReportReporter -->
<testsuite hostname="LP-13" name="Functional_Scenarios.LocationScenarios" tests="1" failures="0" timestamp="11 Jan 2016 14:06:44 GMT" time="46.679" errors="0">
  <testcase name="localitySelection" time="46.679" classname="Functional_Scenarios.LocationScenarios"/>
</testsuite> <!-- Functional_Scenarios.LocationScenarios -->
