<?xml version="1.0" encoding="UTF-8"?>
<!-- Generated by org.testng.reporters.JUnitReportReporter -->
<testsuite hostname="LP-116" name="Functional_Scenarios.NavigationDrawerScenarios" tests="2" failures="0" timestamp="12 Jan 2016 07:25:02 GMT" time="109.557" errors="0">
  <testcase name="normalUserLogin" time="61.293" classname="Functional_Scenarios.NavigationDrawerScenarios"/>
  <testcase name="gmailLoginFromNavDrawer" time="48.264" classname="Functional_Scenarios.NavigationDrawerScenarios"/>
</testsuite> <!-- Functional_Scenarios.NavigationDrawerScenarios -->
