<?xml version="1.0" encoding="UTF-8"?>
<!-- Generated by org.testng.reporters.JUnitReportReporter -->
<testsuite hostname="LP-13" name="Functional_Scenarios.CartScenarios" tests="1" failures="0" timestamp="11 Jan 2016 08:05:09 GMT" time="89.591" errors="0">
  <testcase name="emptyCartOnChangingLocation" time="89.591" classname="Functional_Scenarios.CartScenarios"/>
</testsuite> <!-- Functional_Scenarios.CartScenarios -->
