<?xml version="1.0" encoding="UTF-8"?>
<!-- Generated by org.testng.reporters.JUnitReportReporter -->
<testsuite hostname="LP-13" name="Functional_Scenarios.HomeScenarios" tests="1" failures="0" timestamp="11 Jan 2016 09:29:46 GMT" time="52.522" errors="0">
  <testcase name="internetConnectionIssue" time="52.522" classname="Functional_Scenarios.HomeScenarios"/>
</testsuite> <!-- Functional_Scenarios.HomeScenarios -->
