<?xml version="1.0" encoding="UTF-8"?>
<!-- Generated by org.testng.reporters.JUnitReportReporter -->
<testsuite hostname="LP-116" name="Functional_Scenarios.OLAMoneyScenarios" tests="1" failures="0" timestamp="12 Jan 2016 06:47:11 GMT" time="77.596" errors="0">
  <testcase name="executeTestCase" time="77.596" classname="Functional_Scenarios.OLAMoneyScenarios"/>
</testsuite> <!-- Functional_Scenarios.OLAMoneyScenarios -->
