<?xml version="1.0" encoding="UTF-8"?>
<!-- Generated by org.testng.reporters.JUnitReportReporter -->
<testsuite hostname="LP-13" name="BugRegressionSuite.CartConnectionError_SNo_25" tests="1" failures="0" timestamp="9 Jan 2016 06:12:32 GMT" time="77.886" errors="0">
  <testcase name="executeTestCase" time="77.886" classname="BugRegressionSuite.CartConnectionError_SNo_25"/>
</testsuite> <!-- BugRegressionSuite.CartConnectionError_SNo_25 -->
