<?xml version="1.0" encoding="UTF-8"?>
<!-- Generated by org.testng.reporters.JUnitReportReporter -->
<testsuite hostname="LP-13" name="Functional_Scenarios.QuickTourScenarios" tests="2" failures="0" timestamp="12 Jan 2016 05:20:25 GMT" time="58.217" errors="0">
  <testcase name="skipQuickTour" time="30.250" classname="Functional_Scenarios.QuickTourScenarios"/>
  <testcase name="executeTestCase" time="27.967" classname="Functional_Scenarios.QuickTourScenarios"/>
</testsuite> <!-- Functional_Scenarios.QuickTourScenarios -->
