<?xml version="1.0" encoding="UTF-8"?>
<!-- Generated by org.testng.reporters.JUnitReportReporter -->
<<<<<<< HEAD
<testsuite hostname="LP-116" name="Functional_Scenarios.MyAccountScenario" tests="1" failures="0" timestamp="12 Jan 2016 07:59:52 GMT" time="182.879" errors="0">
  <testcase name="forgotPasswordFunctionality" time="182.879" classname="Functional_Scenarios.MyAccountScenario"/>
=======
<testsuite hostname="LP-13" name="Functional_Scenarios.MyAccountScenario" tests="1" failures="0" timestamp="12 Jan 2016 07:45:34 GMT" time="43.974" errors="0">
  <testcase name="logOutPopupOnMyAccount" time="43.974" classname="Functional_Scenarios.MyAccountScenario"/>
>>>>>>> 577daaf9b204ea7e18c2b2c2537b1f5c74c58ab5
</testsuite> <!-- Functional_Scenarios.MyAccountScenario -->
