<?xml version="1.0" encoding="UTF-8"?>
<!-- Generated by org.testng.reporters.JUnitReportReporter -->
<testsuite hostname="LP-116" name="Functional_Scenarios.SearchScenarios" tests="1" failures="0" timestamp="11 Jan 2016 07:35:51 GMT" time="59.434" errors="0">
  <testcase name="autoSuggestResult" time="59.434" classname="Functional_Scenarios.SearchScenarios"/>
</testsuite> <!-- Functional_Scenarios.SearchScenarios -->
