<?xml version="1.0" encoding="UTF-8"?>
<!-- Generated by org.testng.reporters.JUnitReportReporter -->
<testsuite hostname="LP-116" name="Functional_Scenarios.PlacingOrderScenarios" tests="1" failures="0" timestamp="12 Jan 2016 05:39:08 GMT" time="193.731" errors="0">
  <testcase name="executeTestCase" time="193.731" classname="Functional_Scenarios.PlacingOrderScenarios"/>
</testsuite> <!-- Functional_Scenarios.PlacingOrderScenarios -->
