<?xml version="1.0" encoding="UTF-8"?>
<!-- Generated by org.testng.reporters.JUnitReportReporter -->
<testsuite hostname="LP-116" name="BugRegressionSuite.ForgotPassword_Sno_36" tests="1" failures="0" timestamp="8 Jan 2016 11:51:12 GMT" time="48.372" errors="0">
  <testcase name="executeTestCase" time="48.372" classname="BugRegressionSuite.ForgotPassword_Sno_36"/>
</testsuite> <!-- BugRegressionSuite.ForgotPassword_Sno_36 -->
