<?xml version="1.0" encoding="UTF-8"?>
<!-- Generated by org.testng.reporters.JUnitReportReporter -->
<testsuite hostname="LP-116" name="BugRegressionSuite.CheckoutErrorOnCart" tests="1" failures="0" timestamp="8 Jan 2016 11:51:12 GMT" time="72.167" errors="0">
  <testcase name="executeTestCase" time="72.167" classname="BugRegressionSuite.CheckoutErrorOnCart"/>
</testsuite> <!-- BugRegressionSuite.CheckoutErrorOnCart -->
