<?xml version="1.0" encoding="UTF-8"?>
<!-- Generated by org.testng.reporters.JUnitReportReporter -->
<testsuite hostname="LP-116" name="BugRegressionSuite.UserNameTapping_SNo_32" tests="1" failures="0" timestamp="8 Jan 2016 11:51:12 GMT" time="43.568" errors="0">
  <testcase name="executeTestCase" time="43.568" classname="BugRegressionSuite.UserNameTapping_SNo_32"/>
</testsuite> <!-- BugRegressionSuite.UserNameTapping_SNo_32 -->
