<?xml version="1.0" encoding="UTF-8"?>
<!-- Generated by org.testng.reporters.JUnitReportReporter -->
<testsuite hostname="LP-116" name="BugRegressionSuite.ForgotPasswordScreen_SNo_26" tests="1" failures="0" timestamp="8 Jan 2016 11:51:12 GMT" time="68.778" errors="0">
  <testcase name="executeTestCase" time="68.778" classname="BugRegressionSuite.ForgotPasswordScreen_SNo_26"/>
</testsuite> <!-- BugRegressionSuite.ForgotPasswordScreen_SNo_26 -->
